<?xml version="1.0" encoding="UTF-8"?>
<testng-results skipped="0" failed="0" ignored="0" total="2" passed="2">
  <reporter-output>
  </reporter-output>
  <suite name="Default suite" duration-ms="212283" started-at="2020-06-19T15:49:59Z" finished-at="2020-06-19T15:53:31Z">
    <groups>
    </groups>
    <test name="Default test" duration-ms="212283" started-at="2020-06-19T15:49:59Z" finished-at="2020-06-19T15:53:31Z">
      <class name="com.amazon.qa.testcases.LoginPageTest">
        <test-method status="PASS" signature="setUp()[pri:0, instance:com.amazon.qa.testcases.LoginPageTest@82f6ef]" name="setUp" is-config="true" duration-ms="97436" started-at="2020-06-19T15:49:59Z" finished-at="2020-06-19T15:51:37Z">
          <reporter-output>
          </reporter-output>
        </test-method> <!-- setUp -->
        <test-method status="PASS" signature="loginTitle()[pri:1, instance:com.amazon.qa.testcases.LoginPageTest@82f6ef]" name="loginTitle" duration-ms="436" started-at="2020-06-19T15:51:37Z" finished-at="2020-06-19T15:51:37Z">
          <reporter-output>
          </reporter-output>
        </test-method> <!-- loginTitle -->
        <test-method status="PASS" signature="tearDown()[pri:0, instance:com.amazon.qa.testcases.LoginPageTest@82f6ef]" name="tearDown" is-config="true" duration-ms="13084" started-at="2020-06-19T15:51:37Z" finished-at="2020-06-19T15:51:50Z">
          <reporter-output>
          </reporter-output>
        </test-method> <!-- tearDown -->
        <test-method status="PASS" signature="setUp()[pri:0, instance:com.amazon.qa.testcases.LoginPageTest@82f6ef]" name="setUp" is-config="true" duration-ms="52156" started-at="2020-06-19T15:51:50Z" finished-at="2020-06-19T15:52:42Z">
          <reporter-output>
          </reporter-output>
        </test-method> <!-- setUp -->
        <test-method status="PASS" signature="loginTest()[pri:2, instance:com.amazon.qa.testcases.LoginPageTest@82f6ef]" name="loginTest" duration-ms="35311" started-at="2020-06-19T15:52:42Z" finished-at="2020-06-19T15:53:18Z">
          <reporter-output>
          </reporter-output>
        </test-method> <!-- loginTest -->
        <test-method status="PASS" signature="tearDown()[pri:0, instance:com.amazon.qa.testcases.LoginPageTest@82f6ef]" name="tearDown" is-config="true" duration-ms="13491" started-at="2020-06-19T15:53:18Z" finished-at="2020-06-19T15:53:31Z">
          <reporter-output>
          </reporter-output>
        </test-method> <!-- tearDown -->
      </class> <!-- com.amazon.qa.testcases.LoginPageTest -->
    </test> <!-- Default test -->
  </suite> <!-- Default suite -->
</testng-results>
